
 *------------------------------------------------------------------------------------* 
 |                                                                                    | 
 |  *------------------------------------------------------------------------------*  | 
 |  |                                                                              |  | 
 |  |                                                                              |  | 
 |  |   PPP   Y   Y  TTTTT  H   H  III    A      Welcome to the Lund Monte Carlo!  |  | 
 |  |   P  P   Y Y     T    H   H   I    A A     This is PYTHIA version 8.312      |  | 
 |  |   PPP     Y      T    HHHHH   I   AAAAA    Last date of change: 23 May 2024  |  | 
 |  |   P       Y      T    H   H   I   A   A                                      |  | 
 |  |   P       Y      T    H   H  III  A   A    Now is 14 Nov 2024 at 15:35:32    |  | 
 |  |                                                                              |  | 
 |  |   Program documentation and an archive of historic versions is found on:     |  | 
 |  |                                                                              |  | 
 |  |                               https://pythia.org/                            |  | 
 |  |                                                                              |  | 
 |  |   PYTHIA is authored by a collaboration consisting of:                       |  | 
 |  |                                                                              |  | 
 |  |   Javira Altmann, Christian Bierlich, Naomi Cooke, Nishita Desai,            |  | 
 |  |   Leif Gellersen, Ilkka Helenius, Philip Ilten, Leif Lonnblad,               |  | 
 |  |   Stephen Mrenna, Christian Preuss, Torbjorn Sjostrand, Peter Skands,        |  | 
 |  |   Marius Utheim, and Rob Verheyen.                                           |  | 
 |  |                                                                              |  | 
 |  |   The complete list of authors, including contact information and            |  | 
 |  |   affiliations, can be found on https://pythia.org/.                         |  | 
 |  |   Problems or bugs should be reported on email at authors@pythia.org.        |  | 
 |  |                                                                              |  | 
 |  |   The main program reference is C. Bierlich et al,                           |  | 
 |  |   'A comprehensive guide to the physics and usage of Pythia 8.3',            |  | 
 |  |   SciPost Phys. Codebases 8-r8.3 (2022) [arXiv:2203.11601 [hep-ph]]          |  | 
 |  |                                                                              |  | 
 |  |   PYTHIA is released under the GNU General Public Licence version 2 or later.|  | 
 |  |   Please respect the MCnet Guidelines for Event Generator Authors and Users. |  | 
 |  |                                                                              |  | 
 |  |   Disclaimer: this program comes without any guarantees.                     |  | 
 |  |   Beware of errors and use common sense when interpreting results.           |  | 
 |  |                                                                              |  | 
 |  |   Copyright (C) 2024 Torbjorn Sjostrand                                      |  | 
 |  |                                                                              |  | 
 |  |                                                                              |  | 
 |  *------------------------------------------------------------------------------*  | 
 |                                                                                    | 
 *------------------------------------------------------------------------------------* 


 *-------  PYTHIA Process Initialization  --------------------------*
 |                                                                  |
 | We collide p+ with pbar- at a CM energy of 1.960e+03 GeV         |
 |                                                                  |
 |------------------------------------------------------------------|
 |                                                    |             |
 | Subprocess                                    Code |   Estimated |
 |                                                    |    max (mb) |
 |                                                    |             |
 |------------------------------------------------------------------|
 |                                                    |             |
 | Les Houches User Process(es)                  9999 |   5.480e-09 |
 |                                                                  |
 *-------  End PYTHIA Process Initialization -----------------------*

 *-------  PYTHIA Multiparton Interactions Initialization  ---------* 
 |                                                                  | 
 |                   sigmaNonDiffractive =    40.64 mb              | 
 |                                                                  | 
 |    pT0 =  1.73 gives sigmaInteraction =   142.32 mb: accepted    | 
 |                                                                  | 
 *-------  End PYTHIA Multiparton Interactions Initialization  -----* 

 *-------  PYTHIA Flag + Mode + Parm + Word + FVec + MVec + PVec + WVec Settings (changes only)  ------------------* 
 |                                                                                                                 | 
 | Name                                          |                      Now |      Default         Min         Max | 
 |                                               |                          |                                      | 
 | Beams:frameType                               |                        4 |            1           1           5 | 
 | Beams:LHEF                                    |                ttbar.lhe |         void                         | 
 | Init:showChangedParticleData                  |                      off |           on                         | 
 | Main:numberOfSubruns                          |                        2 |            0           0             | 
 | Main:subrun                                   |                        1 |         -999           0             | 
 | Main:timesAllowErrors                         |                        3 |           10           0             | 
 | Next:numberCount                              |                        0 |         1000           0             | 
 | Next:numberShowEvent                          |                        0 |            1           0             | 
 |                                                                                                                 | 
 *-------  End PYTHIA Flag + Mode + Parm + Word + FVec + MVec + PVec + WVec Settings  -----------------------------* 

 --------  LHA initialization information  ------------ 

  beam    kind      energy  pdfgrp  pdfset 
     A    2212     980.000       0       7
     B   -2212     980.000       0       7

  Event weighting strategy =  3

  Processes, with strategy-dependent cross section info 
  number      xsec (pb)      xerr (pb)      xmax (pb) 
      81     5.2201e+00     5.3841e-01     1.0000e+00
      82     2.6026e-01     1.0625e-01     1.0000e+00

 --------  End LHA initialization information  -------- 

 --------  LHA event information and listing  ---------------------------------------------------------------------- 

    process =       81    weight =   1.0000e+00     scale =   1.7331e+02 (GeV) 
                        alpha_em =   7.8198e-03    alpha_strong =   1.1567e-01

    Participating Particles 
    no        id stat     mothers     colours      p_x        p_y        p_z         e          m        tau    spin 
     1         2   -1     0     0   101     0      0.000      0.000    108.382    108.382      0.000   0.000   9.000
     2        -2   -1     0     0     0   102      0.000      0.000   -279.761    279.761      0.000   0.000   9.000
     3         6    2     1     2   101     0     33.629      8.912   -110.596    212.418    177.987   0.000   9.000
     4        -6    2     1     2     0   102    -33.629     -8.912    -60.783    175.725    161.166   0.000   9.000
     5        24    2     3     0     0     0    -30.885    -12.140     -4.785     86.623     79.871   0.000   9.000
     6         5    1     3     0   101     0     64.514     21.052   -105.811    125.794      4.800   0.000   9.000
     7       -24    2     4     0     0     0    -50.940     34.881    -75.292    126.217     80.315   0.000   9.000
     8        -5    1     4     0     0   102     17.311    -43.792     14.509     49.507      4.800   0.000   9.000
     9        -1    1     5     0     0   103     18.584      9.166     18.652     27.882      0.330   0.000   9.000
    10         2    1     5     0   103     0    -49.469    -21.306    -23.437     58.741      0.330   0.000   9.000
    11        13    1     7     0     0     0      9.691     39.074    -25.560     47.687      0.106   0.000   9.000
    12       -14    1     7     0     0     0    -60.632     -4.194    -49.732     78.530      0.000   0.000   9.000

     pdf: id1 =    2 id2 =   -2 x1 = 1.106e-01 x2 = 2.855e-01 scalePDF = 1.733e+02 pdf1 = 5.530e-01 pdf2 = 3.572e-01

 --------  End LHA event information and listing  ------------------------------------------------------------------ 

 --------  PYTHIA Info Listing  ---------------------------------------- 
 
 Beam A: id =   2212, pz =  9.800e+02, e =  9.800e+02, m =  9.383e-01.
 Beam B: id =  -2212, pz = -9.800e+02, e =  9.800e+02, m =  9.383e-01.

 In 1: id =    2, x =  1.106e-01, pdf =  5.530e-01 at Q2 =  3.004e+04.
 In 2: id =   -2, x =  2.855e-01, pdf =  3.572e-01 at same Q2.

 Process Les Houches User Process(es) with code 9999 is 2 -> 2.
 Subprocess user process 81 with code 81 is 2 -> 2.
 It has sHat =  1.213e+05,    tHat = -3.834e+04,    uHat = -2.529e+04,
       pTHat =  3.479e+01,   m3Hat =  1.780e+02,   m4Hat =  1.612e+02,
    thetaHat =  2.065e+00,  phiHat =  2.590e-01.
     alphaEM =  7.820e-03,  alphaS =  1.157e-01    at Q2 =  3.004e+04.

 Impact parameter b =  7.935e-01 gives enhancement factor =  1.219e+00.
 Max pT scale for MPI =  1.960e+03, ISR =  1.960e+03, FSR =  1.960e+03.
 Number of MPI =     3, ISR =     2, FSRproc =     7, FSRreson =    18.

 --------  End PYTHIA Info Listing  ------------------------------------

 --------  PYTHIA Event Listing  (hard process)  -----------------------------------------------------------------------------------
 
    no         id  name            status     mothers   daughters     colours      p_x        p_y        p_z         e          m 
     0         90  (system)           -11     0     0     0     0     0     0      0.000      0.000      0.000   1960.000   1960.000
     1       2212  (p+)               -12     0     0     3     0     0     0      0.000      0.000    980.000    980.000      0.938
     2      -2212  (pbar-)            -12     0     0     4     0     0     0      0.000      0.000   -980.000    980.000      0.938
     3          2  (u)                -21     1     0     5     6   101     0      0.000      0.000    108.382    108.382      0.000
     4         -2  (ubar)             -21     2     0     5     6     0   102      0.000      0.000   -279.761    279.761      0.000
     5          6  (t)                -22     3     4     7     8   101     0     33.629      8.912   -110.596    212.418    177.987
     6         -6  (tbar)             -22     3     4     9    10     0   102    -33.629     -8.912    -60.783    175.725    161.166
     7         24  (W+)               -22     5     0    11    12     0     0    -30.885    -12.140     -4.785     86.623     79.871
     8          5  b                   23     5     0     0     0   101     0     64.514     21.052   -105.811    125.794      4.800
     9        -24  (W-)               -22     6     0    13    14     0     0    -50.940     34.881    -75.292    126.217     80.315
    10         -5  bbar                23     6     0     0     0     0   102     17.311    -43.792     14.509     49.507      4.800
    11         -1  dbar                23     7     0     0     0     0   103     18.584      9.166     18.652     27.882      0.330
    12          2  u                   23     7     0     0     0   103     0    -49.469    -21.306    -23.437     58.741      0.330
    13         13  mu-                 23     9     0     0     0     0     0      9.691     39.074    -25.560     47.687      0.106
    14        -14  nu_mubar            23     9     0     0     0     0     0    -60.632     -4.194    -49.732     78.530      0.000
                                   Charge sum:  0.000           Momentum sum:     -0.000      0.000   -171.379    388.143    348.258

 --------  End PYTHIA Event Listing  -----------------------------------------------------------------------------------------------
 PYTHIA Abort from Pythia::next: reached end of Les Houches Events File
 PYTHIA Warning in Pythia::init: be aware that successive calls to init() do not clear previous settings

 *-------  PYTHIA Event and Cross Section Statistics  -------------------------------------------------------------*
 |                                                                                                                 |
 | Subprocess                                    Code |            Number of events       |      sigma +- delta    |
 |                                                    |       Tried   Selected   Accepted |     (estimated) (mb)   |
 |                                                    |                                   |                        |
 |-----------------------------------------------------------------------------------------------------------------|
 |                                                    |                                   |                        |
 | Les Houches User Process(es)                  9999 |         200        200        200 |   5.480e-09  5.488e-10 |
 |    ... whereof user classification code         81 |         192        192        192 |                        | 
 |    ... whereof user classification code         82 |           8          8          8 |                        | 
 |                                                    |                                   |                        |
 | sum                                                |         200        200        200 |   5.480e-09  5.488e-10 |
 |                                                                                                                 |
 *-------  End PYTHIA Event and Cross Section Statistics ----------------------------------------------------------*

 *-------  PYTHIA Error and Warning Messages Statistics  ----------------------------------------------------------* 
 |                                                                                                                 | 
 |  times   message                                                                                                | 
 |                                                                                                                 | 
 |      2   Abort from Pythia::next: reached end of Les Houches Events File                                        | 
 |      1   Warning in Pythia::init: be aware that successive calls to init() do not clear previous settings       | 
 |                                                                                                                 | 
 *-------  End PYTHIA Error and Warning Messages Statistics  ------------------------------------------------------* 


  2024-11-14 15:35       charged particle multiplicity

        1.40*10^ 1                               X                                                                      
        1.35*10^ 1                               X                                                                      
        1.30*10^ 1                               X                                                                      
        1.25*10^ 1                               X                                                                      
        1.20*10^ 1                               X                                                                      
        1.15*10^ 1                               X                                                                      
        1.10*10^ 1                               X    X  X                                                              
        1.05*10^ 1                               X    X  X                                                              
        1.00*10^ 1                               X    X XX X                                                            
        0.95*10^ 1                               X    X XX X                                                            
        0.90*10^ 1                               X XX XXXX X                                                            
        0.85*10^ 1                               X XX XXXX X                                                            
        0.80*10^ 1                               X XX XXXX X                                                            
        0.75*10^ 1                               X XX XXXX X                                                            
        0.70*10^ 1                           XX  X XXXXXXX X                                                            
        0.65*10^ 1                           XX  X XXXXXXX X                                                            
        0.60*10^ 1                         X XXX XXXXXXXXXXX X      X                                                   
        0.55*10^ 1                         X XXX XXXXXXXXXXX X      X                                                   
        0.50*10^ 1                      X  XXXXX XXXXXXXXXXX X  XX  X                                                   
        0.45*10^ 1                      X  XXXXX XXXXXXXXXXX X  XX  X                                                   
        0.40*10^ 1                   X  XXXXXXXX XXXXXXXXXXXXX  XX  X                                                   
        0.35*10^ 1                   X  XXXXXXXX XXXXXXXXXXXXX  XX  X                                                   
        0.30*10^ 1                   XX XXXXXXXXXXXXXXXXXXXXXX  XXX X                                                   
        0.25*10^ 1                   XX XXXXXXXXXXXXXXXXXXXXXX  XXX X                                                   
        0.20*10^ 1                   XX XXXXXXXXXXXXXXXXXXXXXXXXXXX X  X   X                                            
        0.15*10^ 1                   XX XXXXXXXXXXXXXXXXXXXXXXXXXXX X  X   X                                            
        0.10*10^ 1              X XX XX XXXXXXXXXXXXXXXXXXXXXXXXXXX XXXX X X        X                                   
        0.05*10^ 1              X XX XX XXXXXXXXXXXXXXXXXXXXXXXXXXX XXXX X X        X                                   

          Contents                                                                                                      
            *10^ 1  0000000000000000000000000000010000101101000000000000000000000000000000000000000000000000000000000000
            *10^ 0  0000000000001011043054465776346997190160462255306112010200000000100000000000000000000000000000000000
            *10^-1  0000000000000000000000000000000000000000000000000000000000000000000000000000000000000000000000000000
            *10^-2  0000000000000000000000000000000000000000000000000000000000000000000000000000000000000000000000000000

          Low edge  -                                                                                                   
            *10^ 2  0000000000000000000000000111111111111111111111111122222222222222222222222223333333333333333333333333
            *10^ 1  0001122233444556667788899000112223344455666778889900011222334445566677888990001122233444556667788899
            *10^ 0  1482604826048260482604826048260482604826048260482604826048260482604826048260482604826048260482604826

   Entries  =       200   xMin =    -0.500   Underflow =     0.000   Mean   =    134.08   RMS  =     35.33
   SumW(in) =   200.000   xMax =   399.500   Overflow  =     0.000   Median =    134.36   nEff =   200.000
